2026-04-07 13:13:31,601 - INFO - Program started
2026-04-07 13:14:06,559 - INFO - user input received
2026-04-07 13:14:06,560 - INFO - total calculated,Total= 12000
2026-04-07 13:14:06,560 - WARNING - Hifh value order detected
2026-04-07 13:14:06,560 - INFO - program completed
2026-04-07 13:14:25,348 - INFO - Program started
2026-04-07 13:14:42,409 - INFO - user input received
2026-04-07 13:14:42,410 - INFO - total calculated,Total= 5000
2026-04-07 13:14:42,410 - INFO - program completed
2026-04-07 13:14:57,012 - INFO - Program started
2026-04-07 13:15:09,689 - INFO - user input received
2026-04-07 13:15:09,697 - WARNING - quantity should be positive
2026-04-07 13:15:09,697 - ERROR - Input validation error: Invalid quantity
2026-04-07 13:15:09,699 - INFO - program completed
2026-04-07 13:15:32,703 - INFO - Program started
2026-04-07 13:15:43,548 - ERROR - Input validation error: invalid literal for int() with base 10: 'abc'
2026-04-07 13:15:43,548 - INFO - program completed
2026-04-07 13:15:52,598 - INFO - Program started
2026-04-07 13:16:12,435 - INFO - user input received
2026-04-07 13:16:12,437 - ERROR - Price should be non negative,check once again
2026-04-07 13:16:12,437 - INFO - total calculated,Total= 0
2026-04-07 13:16:12,437 - INFO - program completed
2026-04-07 13:17:19,516 - INFO - Program started
2026-04-07 13:17:26,944 - INFO - user input received
2026-04-07 13:17:26,944 - ERROR - Price should be non negative,check once again
2026-04-07 13:17:26,945 - ERROR - Input validation error: Invalid price
2026-04-07 13:17:26,945 - INFO - program completed
